{
  "stats": {
    "suites": 1,
    "tests": 5,
    "passes": 5,
    "pending": 0,
    "failures": 0,
    "start": "2020-11-19T15:54:54.581Z",
    "end": "2020-11-19T15:54:57.564Z",
    "duration": 2983,
    "testsRegistered": 5,
    "passPercent": 100,
    "pendingPercent": 0,
    "other": 0,
    "hasOther": false,
    "skipped": 0,
    "hasSkipped": false
  },
  "results": [
    {
      "uuid": "0daa68b1-011f-4971-96f9-5772270e7f3f",
      "title": "",
      "fullFile": "cypress/integration/backend-auth.spec.js",
      "file": "cypress/integration/backend-auth.spec.js",
      "beforeHooks": [],
      "afterHooks": [],
      "tests": [],
      "suites": [
        {
          "uuid": "e17b3389-d12b-48f6-bcf3-b29e36df61cb",
          "title": "testing auth",
          "fullFile": "",
          "file": "",
          "beforeHooks": [],
          "afterHooks": [],
          "tests": [
            {
              "title": "Create a new client",
              "fullTitle": "testing auth Create a new client",
              "timedOut": null,
              "duration": 770,
              "state": "passed",
              "speed": "slow",
              "pass": true,
              "fail": false,
              "pending": false,
              "context": null,
              "code": "clientHelpers.createRandomClient();",
              "err": {},
              "uuid": "fc75bbba-bbb8-4051-96a5-0b763cb57ac1",
              "parentUUID": "e17b3389-d12b-48f6-bcf3-b29e36df61cb",
              "isHook": false,
              "skipped": false
            },
            {
              "title": "TS02 Create a new room POST",
              "fullTitle": "testing auth TS02 Create a new room POST",
              "timedOut": null,
              "duration": 687,
              "state": "passed",
              "speed": "slow",
              "pass": true,
              "fail": false,
              "pending": false,
              "context": null,
              "code": "clientHelpers.createRandomRoom();",
              "err": {},
              "uuid": "0c1abb5b-3a0c-487c-b0e9-b0c2c5f70686",
              "parentUUID": "e17b3389-d12b-48f6-bcf3-b29e36df61cb",
              "isHook": false,
              "skipped": false
            },
            {
              "title": "TS03 Edit room",
              "fullTitle": "testing auth TS03 Edit room",
              "timedOut": null,
              "duration": 828,
              "state": "passed",
              "speed": "slow",
              "pass": true,
              "fail": false,
              "pending": false,
              "context": null,
              "code": "clientHelpers.editLastCreatedRoom();",
              "err": {},
              "uuid": "718e3522-cdad-48a2-b23e-c375a6cd07cb",
              "parentUUID": "e17b3389-d12b-48f6-bcf3-b29e36df61cb",
              "isHook": false,
              "skipped": false
            },
            {
              "title": "TS04 get all rooms",
              "fullTitle": "testing auth TS04 get all rooms",
              "timedOut": null,
              "duration": 51,
              "state": "passed",
              "speed": "medium",
              "pass": true,
              "fail": false,
              "pending": false,
              "context": null,
              "code": "clientHelpers.getAllRooms();",
              "err": {},
              "uuid": "4577db7a-f70a-416e-aacf-a2fd3132ed36",
              "parentUUID": "e17b3389-d12b-48f6-bcf3-b29e36df61cb",
              "isHook": false,
              "skipped": false
            },
            {
              "title": "TS05 Delete room",
              "fullTitle": "testing auth TS05 Delete room",
              "timedOut": null,
              "duration": 574,
              "state": "passed",
              "speed": "slow",
              "pass": true,
              "fail": false,
              "pending": false,
              "context": null,
              "code": "clientHelpers.deleteLastRoom();",
              "err": {},
              "uuid": "a9aae67c-369a-4539-821d-e8680803f485",
              "parentUUID": "e17b3389-d12b-48f6-bcf3-b29e36df61cb",
              "isHook": false,
              "skipped": false
            }
          ],
          "suites": [],
          "passes": [
            "fc75bbba-bbb8-4051-96a5-0b763cb57ac1",
            "0c1abb5b-3a0c-487c-b0e9-b0c2c5f70686",
            "718e3522-cdad-48a2-b23e-c375a6cd07cb",
            "4577db7a-f70a-416e-aacf-a2fd3132ed36",
            "a9aae67c-369a-4539-821d-e8680803f485"
          ],
          "failures": [],
          "pending": [],
          "skipped": [],
          "duration": 2910,
          "root": false,
          "rootEmpty": false,
          "_timeout": 2000
        }
      ],
      "passes": [],
      "failures": [],
      "pending": [],
      "skipped": [],
      "duration": 0,
      "root": true,
      "rootEmpty": true,
      "_timeout": 2000
    }
  ],
  "meta": {
    "mocha": {
      "version": "7.0.1"
    },
    "mochawesome": {
      "options": {
        "quiet": false,
        "reportFilename": "mochawesome",
        "saveHtml": true,
        "saveJson": true,
        "consoleReporter": "spec",
        "useInlineDiffs": false,
        "code": true
      },
      "version": "6.2.1"
    },
    "marge": {
      "options": null,
      "version": "5.1.0"
    }
  }
}